{"D:\\Disco D\\_dev\\cursos\\React de cero a experto\\02-first-steps\\src\\FirstStepsApp.tsx": {"path":"D:\\Disco D\\_dev\\cursos\\React de cero a experto\\02-first-steps\\src\\FirstStepsApp.tsx","statementMap":{"0":{"start":{"line":8,"column":34},"end":{"line":12,"column":null}}},"fnMap":{"0":{"name":"FisrtStepsApp","decl":{"start":{"line":14,"column":16},"end":{"line":14,"column":null}},"loc":{"start":{"line":14,"column":16},"end":{"line":37,"column":null}},"line":14}},"branchMap":{},"s":{"0":1},"f":{"0":3},"b":{},"meta":{"lastBranch":0,"lastFunction":1,"lastStatement":1,"seen":{"s:8:34:12:Infinity":0,"f:14:16:14:Infinity":0}}}
,"D:\\Disco D\\_dev\\cursos\\React de cero a experto\\02-first-steps\\src\\MyAwesomeApp.tsx": {"path":"D:\\Disco D\\_dev\\cursos\\React de cero a experto\\02-first-steps\\src\\MyAwesomeApp.tsx","statementMap":{"0":{"start":{"line":12,"column":18},"end":{"line":12,"column":null}},"1":{"start":{"line":13,"column":17},"end":{"line":13,"column":null}},"2":{"start":{"line":15,"column":22},"end":{"line":15,"column":null}},"3":{"start":{"line":16,"column":17},"end":{"line":16,"column":null}},"4":{"start":{"line":18,"column":16},"end":{"line":21,"column":null}},"5":{"start":{"line":23,"column":32},"end":{"line":28,"column":null}},"6":{"start":{"line":30,"column":28},"end":{"line":44,"column":null}}},"fnMap":{"0":{"name":"(anonymous_0)","decl":{"start":{"line":30,"column":28},"end":{"line":30,"column":null}},"loc":{"start":{"line":30,"column":28},"end":{"line":44,"column":null}},"line":30}},"branchMap":{"0":{"loc":{"start":{"line":25,"column":16},"end":{"line":25,"column":null}},"type":"cond-expr","locations":[{"start":{"line":25,"column":27},"end":{"line":25,"column":32}},{"start":{"line":25,"column":32},"end":{"line":25,"column":null}}],"line":25},"1":{"loc":{"start":{"line":39,"column":11},"end":{"line":39,"column":null}},"type":"cond-expr","locations":[{"start":{"line":39,"column":22},"end":{"line":39,"column":33}},{"start":{"line":39,"column":33},"end":{"line":39,"column":null}}],"line":39}},"s":{"0":1,"1":1,"2":1,"3":1,"4":1,"5":1,"6":1},"f":{"0":4},"b":{"0":[0,1],"1":[0,4]},"meta":{"lastBranch":2,"lastFunction":1,"lastStatement":7,"seen":{"s:12:18:12:Infinity":0,"s:13:17:13:Infinity":1,"s:15:22:15:Infinity":2,"s:16:17:16:Infinity":3,"s:18:16:21:Infinity":4,"s:23:32:28:Infinity":5,"b:25:27:25:32:25:32:25:Infinity":0,"s:30:28:44:Infinity":6,"f:30:28:30:Infinity":0,"b:39:22:39:33:39:33:39:Infinity":1}}}
,"D:\\Disco D\\_dev\\cursos\\React de cero a experto\\02-first-steps\\src\\helpers\\math.helpers.ts": {"path":"D:\\Disco D\\_dev\\cursos\\React de cero a experto\\02-first-steps\\src\\helpers\\math.helpers.ts","statementMap":{"0":{"start":{"line":1,"column":19},"end":{"line":4,"column":null}},"1":{"start":{"line":3,"column":4},"end":{"line":3,"column":null}},"2":{"start":{"line":6,"column":24},"end":{"line":8,"column":null}},"3":{"start":{"line":7,"column":2},"end":{"line":7,"column":null}},"4":{"start":{"line":10,"column":24},"end":{"line":12,"column":null}},"5":{"start":{"line":11,"column":2},"end":{"line":11,"column":null}},"6":{"start":{"line":14,"column":22},"end":{"line":16,"column":null}},"7":{"start":{"line":15,"column":2},"end":{"line":15,"column":null}}},"fnMap":{"0":{"name":"(anonymous_0)","decl":{"start":{"line":1,"column":19},"end":{"line":1,"column":20}},"loc":{"start":{"line":1,"column":31},"end":{"line":4,"column":null}},"line":1},"1":{"name":"(anonymous_1)","decl":{"start":{"line":6,"column":24},"end":{"line":6,"column":25}},"loc":{"start":{"line":6,"column":36},"end":{"line":8,"column":null}},"line":6},"2":{"name":"(anonymous_2)","decl":{"start":{"line":10,"column":24},"end":{"line":10,"column":25}},"loc":{"start":{"line":10,"column":36},"end":{"line":12,"column":null}},"line":10},"3":{"name":"(anonymous_3)","decl":{"start":{"line":14,"column":22},"end":{"line":14,"column":23}},"loc":{"start":{"line":14,"column":34},"end":{"line":16,"column":null}},"line":14}},"branchMap":{},"s":{"0":1,"1":1,"2":1,"3":2,"4":1,"5":2,"6":1,"7":1},"f":{"0":1,"1":2,"2":2,"3":1},"b":{},"meta":{"lastBranch":0,"lastFunction":4,"lastStatement":8,"seen":{"s:1:19:4:Infinity":0,"f:1:19:1:20":0,"s:3:4:3:Infinity":1,"s:6:24:8:Infinity":2,"f:6:24:6:25":1,"s:7:2:7:Infinity":3,"s:10:24:12:Infinity":4,"f:10:24:10:25":2,"s:11:2:11:Infinity":5,"s:14:22:16:Infinity":6,"f:14:22:14:23":3,"s:15:2:15:Infinity":7}}}
,"D:\\Disco D\\_dev\\cursos\\React de cero a experto\\02-first-steps\\src\\shopping-cart\\ItemCounter.module.css": {"path":"D:\\Disco D\\_dev\\cursos\\React de cero a experto\\02-first-steps\\src\\shopping-cart\\ItemCounter.module.css","statementMap":{},"fnMap":{},"branchMap":{},"s":{},"f":{},"b":{},"meta":{"lastBranch":0,"lastFunction":0,"lastStatement":0,"seen":{}}}
,"D:\\Disco D\\_dev\\cursos\\React de cero a experto\\02-first-steps\\src\\shopping-cart\\ItemCounter.tsx": {"path":"D:\\Disco D\\_dev\\cursos\\React de cero a experto\\02-first-steps\\src\\shopping-cart\\ItemCounter.tsx","statementMap":{"0":{"start":{"line":10,"column":27},"end":{"line":51,"column":null}},"1":{"start":{"line":11,"column":25},"end":{"line":11,"column":null}},"2":{"start":{"line":17,"column":20},"end":{"line":19,"column":null}},"3":{"start":{"line":18,"column":4},"end":{"line":18,"column":null}},"4":{"start":{"line":20,"column":25},"end":{"line":23,"column":null}},"5":{"start":{"line":21,"column":4},"end":{"line":21,"column":29}},"6":{"start":{"line":21,"column":21},"end":{"line":21,"column":29}},"7":{"start":{"line":22,"column":4},"end":{"line":22,"column":null}}},"fnMap":{"0":{"name":"(anonymous_0)","decl":{"start":{"line":10,"column":27},"end":{"line":10,"column":28}},"loc":{"start":{"line":10,"column":57},"end":{"line":51,"column":null}},"line":10},"1":{"name":"(anonymous_1)","decl":{"start":{"line":17,"column":20},"end":{"line":17,"column":null}},"loc":{"start":{"line":17,"column":20},"end":{"line":19,"column":null}},"line":17},"2":{"name":"(anonymous_2)","decl":{"start":{"line":20,"column":25},"end":{"line":20,"column":null}},"loc":{"start":{"line":20,"column":25},"end":{"line":23,"column":null}},"line":20}},"branchMap":{"0":{"loc":{"start":{"line":10,"column":36},"end":{"line":10,"column":48}},"type":"default-arg","locations":[{"start":{"line":10,"column":47},"end":{"line":10,"column":48}}],"line":10},"1":{"loc":{"start":{"line":21,"column":4},"end":{"line":21,"column":29}},"type":"if","locations":[{"start":{"line":21,"column":4},"end":{"line":21,"column":29}},{"start":{},"end":{}}],"line":21},"2":{"loc":{"start":{"line":39,"column":17},"end":{"line":39,"column":null}},"type":"cond-expr","locations":[{"start":{"line":39,"column":31},"end":{"line":39,"column":39}},{"start":{"line":39,"column":39},"end":{"line":39,"column":null}}],"line":39}},"s":{"0":1,"1":9,"2":9,"3":1,"4":9,"5":2,"6":1,"7":1},"f":{"0":9,"1":1,"2":2},"b":{"0":[9],"1":[1,1],"2":[4,5]},"meta":{"lastBranch":3,"lastFunction":3,"lastStatement":8,"seen":{"s:10:27:51:Infinity":0,"f:10:27:10:28":0,"b:10:47:10:48":0,"s:11:25:11:Infinity":1,"s:17:20:19:Infinity":2,"f:17:20:17:Infinity":1,"s:18:4:18:Infinity":3,"s:20:25:23:Infinity":4,"f:20:25:20:Infinity":2,"b:21:4:21:29:undefined:undefined:undefined:undefined":1,"s:21:4:21:29":5,"s:21:21:21:29":6,"s:22:4:22:Infinity":7,"b:39:31:39:39:39:39:39:Infinity":2}}}
}
